--- RECEIVED driver_go_online from 17eef2bc-5c38-4075-ac8f-9cc4064bb38b ---
Updating DB...
Joining room...
Emitting status...
Firing callback...
--- RECEIVED driver_go_online from 17eef2bc-5c38-4075-ac8f-9cc4064bb38b ---
Updating DB...
Joining room...
Emitting status...
Firing callback...
--- RECEIVED driver_go_online from 17eef2bc-5c38-4075-ac8f-9cc4064bb38b ---
Updating DB...
Joining room...
Emitting status...
Firing callback...
--- RECEIVED driver_go_online from 17eef2bc-5c38-4075-ac8f-9cc4064bb38b ---
Updating DB...
Joining room...
Emitting status...
Firing callback...
--- RECEIVED driver_go_online from 17eef2bc-5c38-4075-ac8f-9cc4064bb38b ---
Updating DB...
Joining room...
Emitting status...
Firing callback...
--- RECEIVED driver_go_online from 17eef2bc-5c38-4075-ac8f-9cc4064bb38b ---
Updating DB...
Joining room...
Emitting status...
Firing callback...
--- RECEIVED driver_go_online from 17eef2bc-5c38-4075-ac8f-9cc4064bb38b ---
Updating DB...
Joining room...
Emitting status...
Firing callback...
--- RECEIVED driver_go_online from 17eef2bc-5c38-4075-ac8f-9cc4064bb38b ---
Updating DB...
Joining room...
Emitting status...
Firing callback...
--- RECEIVED driver_go_online from 17eef2bc-5c38-4075-ac8f-9cc4064bb38b ---
Updating DB...
Joining room...
Emitting status...
Firing callback...
--- RECEIVED driver_go_online from 17eef2bc-5c38-4075-ac8f-9cc4064bb38b ---
Updating DB...
Joining room...
Emitting status...
Firing callback...
--- RECEIVED driver_go_online from 17eef2bc-5c38-4075-ac8f-9cc4064bb38b ---
Updating DB...
Joining room...
Emitting status...
Firing callback...
--- RECEIVED driver_go_online from 17eef2bc-5c38-4075-ac8f-9cc4064bb38b ---
Updating DB...
Joining room...
Emitting status...
Firing callback...
--- RECEIVED driver_go_online from 17eef2bc-5c38-4075-ac8f-9cc4064bb38b ---
Updating DB...
Joining room...
Emitting status...
Firing callback...
--- RECEIVED driver_go_online from 17eef2bc-5c38-4075-ac8f-9cc4064bb38b ---
Updating DB...
Joining room...
Emitting status...
Firing callback...
--- RECEIVED driver_go_online from 17eef2bc-5c38-4075-ac8f-9cc4064bb38b ---
Updating DB...
Joining room...
Emitting status...
Firing callback...
--- RECEIVED driver_go_online from 17eef2bc-5c38-4075-ac8f-9cc4064bb38b ---
Updating DB...
Joining room...
Emitting status...
Firing callback...
--- RECEIVED driver_go_online from 17eef2bc-5c38-4075-ac8f-9cc4064bb38b ---
Updating DB...
Joining room...
Emitting status...
Firing callback...
--- RECEIVED driver_go_online from c72ff7d8-2052-4560-ac3b-96f01e9f7f14 ---
Updating DB...
Joining room...
Emitting status...
Firing callback...
--- RECEIVED driver_go_online from 6a2c11d4417b41b92a8f7474 ---
Updating DB...
Joining room...
Emitting status...
Firing callback...
--- RECEIVED driver_go_online from 6a2c11d4417b41b92a8f7474 ---
Updating DB...
Joining room...
Emitting status...
Firing callback...
--- RECEIVED driver_go_online from 6a2c11d4417b41b92a8f7474 ---
Updating DB...
Joining room...
Emitting status...
Firing callback...
--- RECEIVED driver_go_online from 6a2c11d4417b41b92a8f7474 ---
Updating DB...
Joining room...
Emitting status...
Firing callback...
--- RECEIVED driver_go_online from 6a2c11d4417b41b92a8f7474 ---
Updating DB...
Joining room...
Emitting status...
Firing callback...
--- RECEIVED driver_go_online from 6a2c11d4417b41b92a8f7474 ---
Updating DB...
Joining room...
Emitting status...
Firing callback...
--- RECEIVED driver_go_online from 6a2c11d4417b41b92a8f7474 ---
Updating DB...
Joining room...
Emitting status...
Firing callback...
--- RECEIVED driver_go_online from 6a2c11d4417b41b92a8f7474 ---
Updating DB...
Joining room...
Emitting status...
Firing callback...
--- RECEIVED driver_go_online from 6a2c11d4417b41b92a8f7474 ---
Updating DB...
Joining room...
Emitting status...
Firing callback...
--- RECEIVED driver_go_online from 6a2c11d4417b41b92a8f7474 ---
Updating DB...
Joining room...
Emitting status...
Firing callback...
--- RECEIVED driver_go_online from 6a2c11d4417b41b92a8f7474 ---
Updating DB...
Joining room...
Emitting status...
Firing callback...
--- RECEIVED driver_go_online from 6a2c11d4417b41b92a8f7474 ---
Updating DB...
Joining room...
Emitting status...
Firing callback...
--- RECEIVED driver_go_online from 6a2c11d4417b41b92a8f7474 ---
Updating DB...
Joining room...
Emitting status...
Firing callback...
--- RECEIVED driver_go_online from 6a2c11d4417b41b92a8f7474 ---
Updating DB...
Joining room...
Emitting status...
Firing callback...
--- RECEIVED driver_go_online from 6a2c11d4417b41b92a8f7474 ---
Updating DB...
Joining room...
Emitting status...
Firing callback...
--- RECEIVED driver_go_online from 6a2c11d4417b41b92a8f7474 ---
Updating DB...
Joining room...
Emitting status...
Firing callback...
--- RECEIVED driver_go_online from 6a2c11d4417b41b92a8f7474 ---
Updating DB...
Joining room...
Emitting status...
Firing callback...
--- RECEIVED driver_go_online from 6a2c11d4417b41b92a8f7474 ---
Updating DB...
Joining room...
Emitting status...
Firing callback...
--- RECEIVED driver_go_online from 6a2c11d4417b41b92a8f7474 ---
Updating DB...
Joining room...
Emitting status...
Firing callback...
--- RECEIVED driver_go_online from 6a2c11d4417b41b92a8f7474 ---
Updating DB...
Joining room...
Emitting status...
Firing callback...
--- RECEIVED driver_go_online from 6a2c11d4417b41b92a8f7474 ---
Updating DB...
Joining room...
Emitting status...
Firing callback...
--- RECEIVED driver_go_online from 6a2c11d4417b41b92a8f7474 ---
Updating DB...
Joining room...
Emitting status...
Firing callback...
